C:\orient\my\microai\experimental-rl\cart-pole\cartpole_train.py:184: UserWarning: FigureCanvasAgg is non-interactive, and thus cannot be shown
  plt.show()
开始训练 DQN Agent 玩 CartPole...
Episode: 10/500 | 近10局均分: 27.3 | Epsilon: 1.00
💾 保存新最佳模型（近10局均分 27.3）
Episode: 20/500 | 近10局均分: 21.6 | Epsilon: 1.00
Episode: 30/500 | 近10局均分: 22.7 | Epsilon: 1.00
Episode: 40/500 | 近10局均分: 23.8 | Epsilon: 1.00
Episode: 50/500 | 近10局均分: 18.7 | Epsilon: 0.97
Episode: 60/500 | 近10局均分: 23.3 | Epsilon: 0.93
Episode: 70/500 | 近10局均分: 26.8 | Epsilon: 0.88
Episode: 80/500 | 近10局均分: 28.4 | Epsilon: 0.83
💾 保存新最佳模型（近10局均分 28.4）
Episode: 90/500 | 近10局均分: 42.4 | Epsilon: 0.77
💾 保存新最佳模型（近10局均分 42.4）
Episode: 100/500 | 近10局均分: 29.8 | Epsilon: 0.72
Episode: 110/500 | 近10局均分: 56.7 | Epsilon: 0.65
💾 保存新最佳模型（近10局均分 56.7）
Episode: 120/500 | 近10局均分: 55.6 | Epsilon: 0.58
Episode: 130/500 | 近10局均分: 94.9 | Epsilon: 0.48
💾 保存新最佳模型（近10局均分 94.9）
Episode: 140/500 | 近10局均分: 114.9 | Epsilon: 0.38
💾 保存新最佳模型（近10局均分 114.9）
Episode: 150/500 | 近10局均分: 196.4 | Epsilon: 0.26
💾 保存新最佳模型（近10局均分 196.4）
Episode: 160/500 | 近10局均分: 201.0 | Epsilon: 0.18
💾 保存新最佳模型（近10局均分 201.0）
Episode: 170/500 | 近10局均分: 149.4 | Epsilon: 0.14
Episode: 180/500 | 近10局均分: 171.2 | Epsilon: 0.10
Episode: 190/500 | 近10局均分: 152.0 | Epsilon: 0.08
Episode: 200/500 | 近10局均分: 165.3 | Epsilon: 0.06
Episode: 210/500 | 近10局均分: 156.3 | Epsilon: 0.04
Episode: 220/500 | 近10局均分: 169.8 | Epsilon: 0.03
Episode: 230/500 | 近10局均分: 178.9 | Epsilon: 0.03
Episode: 240/500 | 近10局均分: 233.5 | Epsilon: 0.02
💾 保存新最佳模型（近10局均分 233.5）
Episode: 250/500 | 近10局均分: 361.1 | Epsilon: 0.02
💾 保存新最佳模型（近10局均分 361.1）
Episode: 260/500 | 近10局均分: 79.5 | Epsilon: 0.01
Episode: 270/500 | 近10局均分: 500.0 | Epsilon: 0.01
🎉 训练成功！在第 270 回合完美通关。
💾 保存新最佳模型（近10局均分 500.0）
Episode: 280/500 | 近10局均分: 449.6 | Epsilon: 0.01
Episode: 290/500 | 近10局均分: 313.6 | Epsilon: 0.01
Episode: 300/500 | 近10局均分: 289.4 | Epsilon: 0.01
Episode: 310/500 | 近10局均分: 232.1 | Epsilon: 0.01
Episode: 320/500 | 近10局均分: 128.4 | Epsilon: 0.01
Episode: 330/500 | 近10局均分: 113.1 | Epsilon: 0.01
Episode: 340/500 | 近10局均分: 105.7 | Epsilon: 0.01
Episode: 350/500 | 近10局均分: 105.4 | Epsilon: 0.01
Episode: 360/500 | 近10局均分: 295.5 | Epsilon: 0.01
Episode: 370/500 | 近10局均分: 471.3 | Epsilon: 0.01
🎉 训练成功！在第 370 回合完美通关。
Episode: 380/500 | 近10局均分: 453.2 | Epsilon: 0.01
🎉 训练成功！在第 380 回合完美通关。
Episode: 390/500 | 近10局均分: 490.3 | Epsilon: 0.01
🎉 训练成功！在第 390 回合完美通关。
Episode: 400/500 | 近10局均分: 500.0 | Epsilon: 0.01
🎉 训练成功！在第 400 回合完美通关。
Episode: 410/500 | 近10局均分: 325.7 | Epsilon: 0.01
Episode: 420/500 | 近10局均分: 500.0 | Epsilon: 0.01
🎉 训练成功！在第 420 回合完美通关。
Episode: 430/500 | 近10局均分: 500.0 | Epsilon: 0.01
🎉 训练成功！在第 430 回合完美通关。
Episode: 440/500 | 近10局均分: 500.0 | Epsilon: 0.01
🎉 训练成功！在第 440 回合完美通关。
Episode: 450/500 | 近10局均分: 487.7 | Epsilon: 0.01
🎉 训练成功！在第 450 回合完美通关。
Episode: 460/500 | 近10局均分: 248.9 | Epsilon: 0.01
Episode: 470/500 | 近10局均分: 462.8 | Epsilon: 0.01
🎉 训练成功！在第 470 回合完美通关。
Episode: 480/500 | 近10局均分: 410.1 | Epsilon: 0.01
Episode: 490/500 | 近10局均分: 500.0 | Epsilon: 0.01
🎉 训练成功！在第 490 回合完美通关。
Episode: 500/500 | 近10局均分: 500.0 | Epsilon: 0.01
🎉 训练成功！在第 500 回合完美通关。
